#
# A fatal error has been detected by the Java Runtime Environment:
#
#  EXCEPTION_ACCESS_VIOLATION (0xc0000005) at pc=0x0000000058884439, pid=8004, tid=6200
#
# JRE version: Java(TM) SE Runtime Environment (7.0_80-b15) (build 1.7.0_80-b15)
# Java VM: Java HotSpot(TM) 64-Bit Server VM (24.80-b11 mixed mode windows-amd64 compressed oops)
# Problematic frame:
# V  [jvm.dll+0x54439]
#
# Failed to write core dump. Minidumps are not enabled by default on client versions of Windows
#
# If you would like to submit a bug report, please visit:
#   http://bugreport.java.com/bugreport/crash.jsp
#

---------------  T H R E A D  ---------------

Current thread (0x000000000afee800):  JavaThread "JDWP Transport Listener: dt_shmem" daemon [_thread_in_vm, id=6200, stack(0x000000000c550000,0x000000000c650000)]

siginfo: ExceptionCode=0xc0000005, reading address 0x000000000000000c

Registers:
RAX=0x000000000000000c, RBX=0x000000000afee800, RCX=0x0000000000000003, RDX=0x0000000000000000
RSP=0x000000000c64f260, RBP=0x000000000000000c, RSI=0x0000000000000000, RDI=0x0000000000000010
R8 =0x00000007d62280e8, R9 =0x0000000000000000, R10=0x0000000000000000, R11=0x0000000000000001
R12=0x0000000000000000, R13=0x000000000afdbc18, R14=0x0000000000000000, R15=0x0000000000000000
RIP=0x0000000058884439, EFLAGS=0x0000000000010246

Top of Stack: (sp=0x000000000c64f260)
0x000000000c64f260:   000000000afee800 0000000000000000
0x000000000c64f270:   0000000000000000 000000000afee800
0x000000000c64f280:   0000000000000000 000000005894dad7
0x000000000c64f290:   00000007d62280e8 000000000c64f3b0
0x000000000c64f2a0:   000000000af9a4a8 000000000c64f380
0x000000000c64f2b0:   000000000afee800 0000000000000000
0x000000000c64f2c0:   000000000af9a4a8 000000000c64f3b0
0x000000000c64f2d0:   0000000000000000 000000000afdbc18
0x000000000c64f2e0:   0000000000000000 0000000058427d15
0x000000000c64f2f0:   000000000c64f380 000000000c64f3b0
0x000000000c64f300:   000000000af9a4a8 000000000afee9e8
0x000000000c64f310:   000000000ce4ef0a 000000005842f090
0x000000000c64f320:   000000000a010a01 000000000c64f420
0x000000000c64f330:   000000000afdb801 0000000000000000
0x000000000c64f340:   0000c33200000013 000000000a010a00
0x000000000c64f350:   000000000b01a0d0 0000000058a01f8d 

Instructions: (pc=0x0000000058884439)
0x0000000058884419:   d2 48 8b c5 eb 18 48 8b d0 48 8b c5 48 d3 e2 48
0x0000000058884429:   03 15 81 64 6a 00 eb 06 48 8b 12 48 8b c7 48 98
0x0000000058884439:   8b 14 10 85 d2 74 2a 45 84 db 4c 63 c6 48 0f 45
0x0000000058884449:   fd 8d 47 0b 48 63 c8 48 83 e1 f8 48 c1 e9 03 8d 


Register to memory mapping:

RAX=0x000000000000000c is an unknown value
RBX=0x000000000afee800 is a thread
RCX=0x0000000000000003 is an unknown value
RDX=0x0000000000000000 is an unknown value
RSP=0x000000000c64f260 is pointing into the stack for thread: 0x000000000afee800
RBP=0x000000000000000c is an unknown value
RSI=0x0000000000000000 is an unknown value
RDI=0x0000000000000010 is an unknown value
R8 =0x00000007d62280e8 is an oop
java.lang.String 
 - klass: 'java/lang/String'
R9 =0x0000000000000000 is an unknown value
R10=0x0000000000000000 is an unknown value
R11=0x0000000000000001 is an unknown value
R12=0x0000000000000000 is an unknown value
R13=0x000000000afdbc18 is an unknown value
R14=0x0000000000000000 is an unknown value
R15=0x0000000000000000 is an unknown value


Stack: [0x000000000c550000,0x000000000c650000],  sp=0x000000000c64f260,  free space=1020k
Native frames: (J=compiled Java code, j=interpreted, Vv=VM code, C=native code)
V  [jvm.dll+0x54439]


---------------  P R O C E S S  ---------------

Java Threads: ( => current thread )
  0x000000000b00d800 JavaThread "Service Thread" daemon [_thread_blocked, id=13160, stack(0x000000000ca50000,0x000000000cb50000)]
  0x000000000b00a000 JavaThread "C2 CompilerThread1" daemon [_thread_blocked, id=19932, stack(0x000000000c950000,0x000000000ca50000)]
  0x000000000b005000 JavaThread "C2 CompilerThread0" daemon [_thread_blocked, id=14656, stack(0x000000000c850000,0x000000000c950000)]
  0x000000000aff4800 JavaThread "JDWP Command Reader" daemon [_thread_in_native, id=16972, stack(0x000000000c750000,0x000000000c850000)]
  0x000000000aff1000 JavaThread "JDWP Event Helper Thread" daemon [_thread_blocked, id=9656, stack(0x000000000c650000,0x000000000c750000)]
=>0x000000000afee800 JavaThread "JDWP Transport Listener: dt_shmem" daemon [_thread_in_vm, id=6200, stack(0x000000000c550000,0x000000000c650000)]
  0x000000000afdd800 JavaThread "Attach Listener" daemon [_thread_blocked, id=14796, stack(0x000000000c450000,0x000000000c550000)]
  0x000000000afda800 JavaThread "Signal Dispatcher" daemon [_thread_blocked, id=20180, stack(0x000000000c350000,0x000000000c450000)]
  0x000000000afa0000 JavaThread "Finalizer" daemon [_thread_blocked, id=15552, stack(0x000000000c250000,0x000000000c350000)]
  0x000000000af96000 JavaThread "Reference Handler" daemon [_thread_blocked, id=18236, stack(0x000000000c150000,0x000000000c250000)]
  0x000000000171e800 JavaThread "main" [_thread_blocked, id=18368, stack(0x00000000015a0000,0x00000000016a0000)]

Other Threads:
  0x000000000af92000 VMThread [stack: 0x000000000c050000,0x000000000c150000] [id=19620]
  0x000000000b017800 WatcherThread [stack: 0x000000000cb50000,0x000000000cc50000] [id=1176]

VM state:not at safepoint (normal execution)

VM Mutex/Monitor currently owned by a thread: None

Heap
 PSYoungGen      total 37888K, used 2622K [0x00000007d6000000, 0x00000007d8a00000, 0x0000000800000000)
  eden space 32768K, 8% used [0x00000007d6000000,0x00000007d628f8e8,0x00000007d8000000)
  from space 5120K, 0% used [0x00000007d8500000,0x00000007d8500000,0x00000007d8a00000)
  to   space 5120K, 0% used [0x00000007d8000000,0x00000007d8000000,0x00000007d8500000)
 ParOldGen       total 86016K, used 0K [0x0000000782000000, 0x0000000787400000, 0x00000007d6000000)
  object space 86016K, 0% used [0x0000000782000000,0x0000000782000000,0x0000000787400000)
 PSPermGen       total 21504K, used 4268K [0x000000077ce00000, 0x000000077e300000, 0x0000000782000000)
  object space 21504K, 19% used [0x000000077ce00000,0x000000077d22b298,0x000000077e300000)

Card table byte_map: [0x0000000001950000,0x0000000001d70000] byte_map_base: 0xfffffffffdd69000

Polling page: 0x00000000011a0000

Code Cache  [0x0000000003400000, 0x0000000003670000, 0x0000000006400000)
 total_blobs=284 nmethods=3 adapters=242 free_code_cache=48703Kb largest_free_block=49856832

Compilation events (6 events):
Event: 0.133 Thread 0x000000000b005000    1             java.lang.String::hashCode (55 bytes)
Event: 0.139 Thread 0x000000000b005000 nmethod 1 0x0000000003464690 code [0x00000000034647c0, 0x0000000003464958]
Event: 0.145 Thread 0x000000000b00a000    2             java.lang.String::indexOf (70 bytes)
Event: 0.147 Thread 0x000000000b00a000 nmethod 2 0x00000000034633d0 code [0x0000000003463520, 0x00000000034636f8]
Event: 0.179 Thread 0x000000000b005000    3             sun.nio.cs.UTF_8$Decoder::decodeArrayLoop (543 bytes)
Event: 0.195 Thread 0x000000000b005000 nmethod 3 0x0000000003471cd0 code [0x0000000003471f40, 0x0000000003472eb0]

GC Heap History (0 events):
No events

Deoptimization events (0 events):
No events

Internal exceptions (8 events):
Event: 0.026 Thread 0x000000000171e800 Threw 0x00000007d600a7d0 at C:\re\jdk7u80\2329\hotspot\src\share\vm\prims\jni.cpp:3991
Event: 0.103 Thread 0x000000000171e800 Threw 0x00000007d604f448 at C:\re\jdk7u80\2329\hotspot\src\share\vm\prims\jvm.cpp:1319
Event: 0.111 Thread 0x000000000171e800 Threw 0x00000007d6057820 at C:\re\jdk7u80\2329\hotspot\src\share\vm\prims\jvm.cpp:1319
Event: 0.112 Thread 0x000000000171e800 Threw 0x00000007d60595a8 at C:\re\jdk7u80\2329\hotspot\src\share\vm\prims\jvm.cpp:1319
Event: 0.134 Thread 0x000000000171e800 Threw 0x00000007d607b560 at C:\re\jdk7u80\2329\hotspot\src\share\vm\prims\jvm.cpp:1319
Event: 0.134 Thread 0x000000000171e800 Threw 0x00000007d607b688 at C:\re\jdk7u80\2329\hotspot\src\share\vm\prims\jvm.cpp:1319
Event: 0.136 Thread 0x000000000171e800 Threw 0x00000007d607f300 at C:\re\jdk7u80\2329\hotspot\src\share\vm\prims\jvm.cpp:1319
Event: 0.136 Thread 0x000000000171e800 Threw 0x00000007d607f428 at C:\re\jdk7u80\2329\hotspot\src\share\vm\prims\jvm.cpp:1319

Events (10 events):
Event: 144.012 Executing VM operation: EnterInterpOnlyMode
Event: 144.012 Executing VM operation: EnterInterpOnlyMode done
Event: 144.012 Executing VM operation: GetCurrentLocation
Event: 144.012 Executing VM operation: GetCurrentLocation done
Event: 144.012 Executing VM operation: ChangeSingleStep
Event: 144.012 Executing VM operation: ChangeSingleStep done
Event: 144.015 Executing VM operation: ChangeSingleStep
Event: 144.015 Executing VM operation: ChangeSingleStep done
Event: 144.220 Executing VM operation: GetOrSetLocal
Event: 144.220 Executing VM operation: GetOrSetLocal done


Dynamic libraries:
0x00007ff734830000 - 0x00007ff734863000 	C:\Program Files\Java\jdk1.7.0_80\bin\java.exe
0x00007ffa45790000 - 0x00007ffa45962000 	C:\WINDOWS\SYSTEM32\ntdll.dll
0x00007ffa43ce0000 - 0x00007ffa43d8c000 	C:\WINDOWS\System32\KERNEL32.DLL
0x00007ffa42820000 - 0x00007ffa42a3d000 	C:\WINDOWS\System32\KERNELBASE.dll
0x00007ffa43bd0000 - 0x00007ffa43c72000 	C:\WINDOWS\System32\ADVAPI32.dll
0x00007ffa452a0000 - 0x00007ffa4533e000 	C:\WINDOWS\System32\msvcrt.dll
0x00007ffa42e60000 - 0x00007ffa42eb9000 	C:\WINDOWS\System32\sechost.dll
0x00007ffa435e0000 - 0x00007ffa43701000 	C:\WINDOWS\System32\RPCRT4.dll
0x00007ffa42ec0000 - 0x00007ffa43025000 	C:\WINDOWS\System32\USER32.dll
0x00007ffa41c90000 - 0x00007ffa41cae000 	C:\WINDOWS\System32\win32u.dll
0x00007ffa45340000 - 0x00007ffa45374000 	C:\WINDOWS\System32\GDI32.dll
0x00007ffa42a40000 - 0x00007ffa42bc0000 	C:\WINDOWS\System32\gdi32full.dll
0x00007ffa38600000 - 0x00007ffa3887a000 	C:\WINDOWS\WinSxS\amd64_microsoft.windows.common-controls_6595b64144ccf1df_6.0.14393.953_none_42151e83c686086b\COMCTL32.dll
0x00007ffa43900000 - 0x00007ffa43bc8000 	C:\WINDOWS\System32\combase.dll
0x00007ffa42550000 - 0x00007ffa42645000 	C:\WINDOWS\System32\ucrtbase.dll
0x00007ffa42390000 - 0x00007ffa423fa000 	C:\WINDOWS\System32\bcryptPrimitives.dll
0x00007ffa45480000 - 0x00007ffa454ae000 	C:\WINDOWS\System32\IMM32.DLL
0x0000000058750000 - 0x0000000058822000 	C:\Program Files\Java\jdk1.7.0_80\jre\bin\msvcr100.dll
0x0000000058830000 - 0x0000000059009000 	C:\Program Files\Java\jdk1.7.0_80\jre\bin\server\jvm.dll
0x00007ffa42d20000 - 0x00007ffa42d28000 	C:\WINDOWS\System32\PSAPI.DLL
0x00007ffa340e0000 - 0x00007ffa340e9000 	C:\WINDOWS\SYSTEM32\WSOCK32.dll
0x00007ffa400c0000 - 0x00007ffa400e3000 	C:\WINDOWS\SYSTEM32\WINMM.dll
0x00007ffa43030000 - 0x00007ffa4309a000 	C:\WINDOWS\System32\WS2_32.dll
0x00000000011d0000 - 0x00000000011fb000 	C:\WINDOWS\SYSTEM32\WINMMBASE.dll
0x00007ffa42cd0000 - 0x00007ffa42d12000 	C:\WINDOWS\System32\cfgmgr32.dll
0x000000005c920000 - 0x000000005c92f000 	C:\Program Files\Java\jdk1.7.0_80\jre\bin\verify.dll
0x00000000592a0000 - 0x00000000592c8000 	C:\Program Files\Java\jdk1.7.0_80\jre\bin\java.dll
0x0000000058420000 - 0x0000000058455000 	C:\Program Files\Java\jdk1.7.0_80\jre\bin\jdwp.dll
0x0000000059360000 - 0x0000000059368000 	C:\Program Files\Java\jdk1.7.0_80\jre\bin\npt.dll
0x0000000059280000 - 0x0000000059296000 	C:\Program Files\Java\jdk1.7.0_80\jre\bin\zip.dll
0x000000005c820000 - 0x000000005c82b000 	C:\Program Files\Java\jdk1.7.0_80\jre\bin\dt_shmem.dll
0x0000000058730000 - 0x000000005874a000 	C:\Program Files\Java\jdk1.7.0_80\jre\bin\net.dll
0x00007ffa414d0000 - 0x00007ffa4152c000 	C:\WINDOWS\system32\mswsock.dll
0x0000000058710000 - 0x0000000058721000 	C:\Program Files\Java\jdk1.7.0_80\jre\bin\nio.dll
0x0000000058310000 - 0x0000000058323000 	C:\Program Files\Java\jdk1.7.0_80\jre\bin\JdbcOdbc.dll
0x00007ffa20310000 - 0x00007ffa203bf000 	C:\WINDOWS\SYSTEM32\ODBC32.dll
0x00007ffa41110000 - 0x00007ffa4111a000 	C:\WINDOWS\SYSTEM32\DPAPI.dll
0x00007ffa41b40000 - 0x00007ffa41b6b000 	C:\WINDOWS\SYSTEM32\bcrypt.dll
0x00007ffa42650000 - 0x00007ffa42819000 	C:\WINDOWS\System32\CRYPT32.dll
0x00007ffa41c30000 - 0x00007ffa41c40000 	C:\WINDOWS\System32\MSASN1.dll
0x00007ffa38880000 - 0x00007ffa3888a000 	C:\WINDOWS\system32\VERSION.dll
0x00007ffa41870000 - 0x00007ffa4189c000 	C:\WINDOWS\SYSTEM32\SspiCli.dll
0x00007ffa23dc0000 - 0x00007ffa23de4000 	C:\WINDOWS\system32\odbccp32.dll
0x00007ffa41670000 - 0x00007ffa4167b000 	C:\WINDOWS\SYSTEM32\CRYPTBASE.dll
0x00007ffa41460000 - 0x00007ffa414c7000 	C:\WINDOWS\system32\msv1_0.DLL
0x00007ffa41450000 - 0x00007ffa4145c000 	C:\WINDOWS\SYSTEM32\NtlmShared.dll
0x00007ffa41530000 - 0x00007ffa41545000 	C:\WINDOWS\SYSTEM32\cryptdll.dll
0x00007ffa412a0000 - 0x00007ffa41341000 	C:\WINDOWS\SYSTEM32\DNSAPI.dll
0x00007ffa438d0000 - 0x00007ffa438d8000 	C:\WINDOWS\System32\NSI.dll
0x00007ffa41250000 - 0x00007ffa41288000 	C:\WINDOWS\SYSTEM32\IPHLPAPI.DLL
0x00007ffa33690000 - 0x00007ffa3369a000 	C:\Windows\System32\rasadhlp.dll
0x00007ffa383c0000 - 0x00007ffa3842a000 	C:\WINDOWS\System32\fwpuclnt.dll
0x00007ffa41010000 - 0x00007ffa41089000 	C:\WINDOWS\system32\schannel.DLL
0x00007ffa29050000 - 0x00007ffa29065000 	C:\WINDOWS\SYSTEM32\mskeyprotect.dll
0x00007ffa41750000 - 0x00007ffa41776000 	C:\WINDOWS\SYSTEM32\ncrypt.dll
0x00007ffa41710000 - 0x00007ffa4174b000 	C:\WINDOWS\SYSTEM32\NTASN1.dll
0x00007ffa28f30000 - 0x00007ffa28f51000 	C:\WINDOWS\system32\ncryptsslp.dll
0x00007ffa28fa0000 - 0x00007ffa28fac000 	C:\WINDOWS\SYSTEM32\netbios.dll
0x00007ffa3eea0000 - 0x00007ffa3f032000 	C:\WINDOWS\SYSTEM32\dbghelp.dll

VM Arguments:
jvm_args: -Xdebug -Xrunjdwp:transport=dt_shmem,address=javadebug -Dfile.encoding=UTF-8 
java_command: Recog.ByOneDay
Launcher Type: SUN_STANDARD

Environment Variables:
JAVA_HOME=C:\Program Files\Java\jdk1.8.0_131
JRE_HOME=C:\Program Files\Java\jdk1.8.0_131\jre
CLASSPATH=.;C:\Program Files\Java\jdk1.8.0_131\lib;C:\Program Files\Java\jdk1.8.0_131\jre\lib
PATH=C:\ProgramData\Oracle\Java\javapath;C:\Program Files (x86)\Intel\iCLS Client\;C:\Program Files\Intel\iCLS Client\;C:\WINDOWS\system32;C:\WINDOWS;C:\WINDOWS\System32\Wbem;C:\WINDOWS\System32\WindowsPowerShell\v1.0\;C:\Program Files\Microsoft SQL Server\110\DTS\Binn\;C:\Program Files (x86)\Microsoft SQL Server\110\Tools\Binn\;C:\Program Files\Microsoft SQL Server\110\Tools\Binn\;C:\Program Files (x86)\Microsoft SQL Server\110\Tools\Binn\ManagementStudio\;C:\Program Files (x86)\Microsoft Visual Studio 10.0\Common7\IDE\PrivateAssemblies\;C:\Program Files (x86)\Microsoft SQL Server\110\DTS\Binn\;C:\Program Files (x86)\Windows Kits\8.1\Windows Performance Toolkit\;C:\Program Files (x86)\Microsoft SDKs\TypeScript\1.0\;C:\Program Files\Microsoft SQL Server\120\Tools\Binn\;C:\Program Files (x86)\Intel\Intel(R) Management Engine Components\DAL;C:\Program Files\Intel\Intel(R) Management Engine Components\DAL;C:\Program Files (x86)\Intel\Intel(R) Management Engine Components\IPT;C:\Program Files\Intel\Intel(R) Management Engine Components\IPT;C:\Program Files\MATLAB\R2016a\runtime\win64;C:\Program Files\MATLAB\R2016a\bin;C:\Program Files\MATLAB\R2016a\polyspace\bin;C:\Program Files\Java\jdk1.8.0_131\bin
USERNAME=User
OS=Windows_NT
PROCESSOR_IDENTIFIER=Intel64 Family 6 Model 142 Stepping 9, GenuineIntel



---------------  S Y S T E M  ---------------

OS: Windows 8.1 , 64 bit Build 9600 

CPU:total 4 (2 cores per cpu, 2 threads per core) family 6 model 142 stepping 9, cmov, cx8, fxsr, mmx, sse, sse2, sse3, ssse3, sse4.1, sse4.2, popcnt, avx, avx2, aes, erms, ht, tsc, tscinvbit

Memory: 4k page, physical 8253588k(2362452k free), swap 14049344k(3366784k free)

vm_info: Java HotSpot(TM) 64-Bit Server VM (24.80-b11) for windows-amd64 JRE (1.7.0_80-b15), built on Apr 10 2015 11:26:34 by "java_re" with unknown MS VC++:1600

time: Thu Sep 14 07:56:52 2017
elapsed time: 144 seconds

